/Users/jordanspeight/repos/blockblastrl/venv/lib/python3.13/site-packages/torch/cuda/__init__.py:65: FutureWarning: The pynvml package is deprecated. Please install nvidia-ml-py instead. If you did not install pynvml directly, please report this to the maintainers of the package that installed pynvml for you.
  import pynvml  # type: ignore[import]
Gym has been unmaintained since 2022 and does not support NumPy 2.0 amongst other critical functionality.
Please upgrade to Gymnasium, the maintained drop-in replacement of Gym, or contact the authors of your software and request that they upgrade.
See the migration guide at https://gymnasium.farama.org/introduction/migration_guide/ for additional information.
Starting PPO training on mps with 128 envs...
MCTS-Guided Training Enabled. Using Serial backend for state access.
Torch compile disabled.
Launching TensorBoard for CNN_C16x32_FC256x256x256_RELU_E0.05_LR0.0001_1773507549...
Starting rollout for Update 1...
  Step 0/128...
  Step 10/128...
  Step 20/128...
  Step 30/128...
  Step 40/128...
  Step 50/128...
  Step 60/128...
  Step 70/128...
  Step 80/128...
  Step 90/128...
  Step 100/128...
  Step 110/128...
  Step 120/128...
Update 1 | SPS: 474 | AvgReward: 688.92 | StepRew: 36.89 | Len: 18.4 | Lines: 0.0 | Ent: 3.0009 | KL: 0.0033
Starting rollout for Update 2...
  Step 0/128...
  Step 10/128...
  Step 20/128...
  Step 30/128...
  Step 40/128...
  Step 50/128...
  Step 60/128...
  Step 70/128...
  Step 80/128...
  Step 90/128...
  Step 100/128...
  Step 110/128...
  Step 120/128...
Update 2 | SPS: 467 | AvgReward: 904.03 | StepRew: 42.11 | Len: 21.6 | Lines: 0.0 | Ent: 2.8968 | KL: 0.1510
Starting rollout for Update 3...
  Step 0/128...
  Step 10/128...
  Step 20/128...
  Step 30/128...
  Step 40/128...
  Step 50/128...
  Step 60/128...
  Step 70/128...
  Step 80/128...
  Step 90/128...
  Step 100/128...
  Step 110/128...
  Step 120/128...
Update 3 | SPS: 427 | AvgReward: 1029.08 | StepRew: 43.93 | Len: 23.2 | Lines: 0.0 | Ent: 1.7192 | KL: 1.0544
Starting rollout for Update 4...
  Step 0/128...
  Step 10/128...
  Step 20/128...
  Step 30/128...
  Step 40/128...
  Step 50/128...
  Step 60/128...
  Step 70/128...
  Step 80/128...
  Step 90/128...
  Step 100/128...
  Step 110/128...
  Step 120/128...
Update 4 | SPS: 409 | AvgReward: 992.72 | StepRew: 44.03 | Len: 22.7 | Lines: 0.0 | Ent: 0.9065 | KL: 2.4304
Starting rollout for Update 5...
  Step 0/128...
  Step 10/128...
  Step 20/128...
  Step 30/128...
  Step 40/128...
  Step 50/128...
  Step 60/128...
  Step 70/128...
  Step 80/128...
  Step 90/128...
  Step 100/128...
  Step 110/128...
  Step 120/128...
Update 5 | SPS: 400 | AvgReward: 1083.27 | StepRew: 44.22 | Len: 23.9 | Lines: 0.0 | Ent: 0.5967 | KL: 3.9526
Starting rollout for Update 6...
  Step 0/128...
  Step 10/128...
  Step 20/128...
  Step 30/128...
  Step 40/128...
  Step 50/128...
  Step 60/128...
  Step 70/128...
  Step 80/128...
  Step 90/128...
  Step 100/128...
  Step 110/128...
  Step 120/128...
Update 6 | SPS: 409 | AvgReward: 1073.70 | StepRew: 44.72 | Len: 23.4 | Lines: 0.0 | Ent: 0.4559 | KL: 3.8977
Starting rollout for Update 7...
  Step 0/128...
  Step 10/128...
  Step 20/128...
  Step 30/128...
  Step 40/128...
  Step 50/128...
  Step 60/128...
  Step 70/128...
  Step 80/128...
  Step 90/128...
  Step 100/128...
  Step 110/128...
  Step 120/128...
Update 7 | SPS: 414 | AvgReward: 1005.25 | StepRew: 44.55 | Len: 22.9 | Lines: 0.0 | Ent: 0.4536 | KL: 0.5440
Starting rollout for Update 8...
  Step 0/128...
  Step 10/128...
  Step 20/128...
  Step 30/128...
  Step 40/128...
  Step 50/128...
  Step 60/128...
  Step 70/128...
  Step 80/128...
  Step 90/128...
  Step 100/128...
  Step 110/128...
  Step 120/128...
Update 8 | SPS: 411 | AvgReward: 1007.84 | StepRew: 43.84 | Len: 23.1 | Lines: 0.0 | Ent: 0.4411 | KL: 0.7855
Starting rollout for Update 9...
  Step 0/128...
  Step 10/128...
  Step 20/128...
  Step 30/128...
  Step 40/128...
  Step 50/128...
  Step 60/128...
  Step 70/128...
  Step 80/128...
  Step 90/128...
  Step 100/128...
  Step 110/128...
  Step 120/128...
Update 9 | SPS: 406 | AvgReward: 1005.63 | StepRew: 44.28 | Len: 22.8 | Lines: 0.0 | Ent: 0.4342 | KL: 0.7803
Starting rollout for Update 10...
  Step 0/128...
  Step 10/128...
  Step 20/128...
  Step 30/128...
  Step 40/128...
  Step 50/128...
  Step 60/128...
  Step 70/128...
  Step 80/128...
  Step 90/128...
  Step 100/128...
  Step 110/128...
  Step 120/128...
Update 10 | SPS: 412 | AvgReward: 960.84 | StepRew: 43.96 | Len: 22.2 | Lines: 0.0 | Ent: 0.4857 | KL: 0.4985
Starting rollout for Update 11...
  Step 0/128...
  Step 10/128...
  Step 20/128...
  Step 30/128...
  Step 40/128...
  Step 50/128...
  Step 60/128...
  Step 70/128...
  Step 80/128...
  Step 90/128...
  Step 100/128...
  Step 110/128...
  Step 120/128...
Update 11 | SPS: 413 | AvgReward: 1041.26 | StepRew: 43.60 | Len: 23.4 | Lines: 0.0 | Ent: 0.5208 | KL: 0.7058
Starting rollout for Update 12...
  Step 0/128...
  Step 10/128...
  Step 20/128...
  Step 30/128...
  Step 40/128...
  Step 50/128...
  Step 60/128...
  Step 70/128...
  Step 80/128...
  Step 90/128...
  Step 100/128...
  Step 110/128...
  Step 120/128...
Update 12 | SPS: 416 | AvgReward: 1025.51 | StepRew: 44.17 | Len: 23.1 | Lines: 0.0 | Ent: 0.4618 | KL: 0.8818
Starting rollout for Update 13...
  Step 0/128...
  Step 10/128...
  Step 20/128...
  Step 30/128...
  Step 40/128...
  Step 50/128...
  Step 60/128...
  Step 70/128...
  Step 80/128...
  Step 90/128...
  Step 100/128...
  Step 110/128...
  Step 120/128...
Update 13 | SPS: 418 | AvgReward: 989.00 | StepRew: 44.46 | Len: 22.4 | Lines: 0.0 | Ent: 0.4711 | KL: 1.8901
Starting rollout for Update 14...
  Step 0/128...
  Step 10/128...
  Step 20/128...
  Step 30/128...
  Step 40/128...
  Step 50/128...
  Step 60/128...
  Step 70/128...
  Step 80/128...
  Step 90/128...
  Step 100/128...
  Step 110/128...
  Step 120/128...
Update 14 | SPS: 413 | AvgReward: 1141.12 | StepRew: 43.91 | Len: 24.7 | Lines: 0.0 | Ent: 0.4063 | KL: 1.4246
Starting rollout for Update 15...
  Step 0/128...
  Step 10/128...
  Step 20/128...
  Step 30/128...
  Step 40/128...
  Step 50/128...
  Step 60/128...
  Step 70/128...
  Step 80/128...
  Step 90/128...
  Step 100/128...
  Step 110/128...
  Step 120/128...
Update 15 | SPS: 409 | AvgReward: 1044.72 | StepRew: 44.05 | Len: 23.4 | Lines: 0.0 | Ent: 0.4435 | KL: 0.9047
Starting rollout for Update 16...
  Step 0/128...
  Step 10/128...
  Step 20/128...
  Step 30/128...
  Step 40/128...
  Step 50/128...
  Step 60/128...
  Step 70/128...
  Step 80/128...
  Step 90/128...
  Step 100/128...
  Step 110/128...
  Step 120/128...
Update 16 | SPS: 411 | AvgReward: 1002.20 | StepRew: 43.92 | Len: 22.6 | Lines: 0.0 | Ent: 0.3974 | KL: 1.4323
Starting rollout for Update 17...
  Step 0/128...
  Step 10/128...
  Step 20/128...
  Step 30/128...
  Step 40/128...
  Step 50/128...
  Step 60/128...
  Step 70/128...
  Step 80/128...
  Step 90/128...
  Step 100/128...
  Step 110/128...
  Step 120/128...
Update 17 | SPS: 414 | AvgReward: 962.02 | StepRew: 43.97 | Len: 22.4 | Lines: 0.0 | Ent: 0.3804 | KL: 3.9143
Starting rollout for Update 18...
  Step 0/128...
  Step 10/128...
  Step 20/128...
  Step 30/128...
  Step 40/128...
  Step 50/128...
  Step 60/128...
  Step 70/128...
  Step 80/128...
  Step 90/128...
  Step 100/128...
  Step 110/128...
  Step 120/128...
Update 18 | SPS: 417 | AvgReward: 1017.75 | StepRew: 43.80 | Len: 23.1 | Lines: 0.0 | Ent: 0.3785 | KL: 0.6576
Starting rollout for Update 19...
  Step 0/128...
  Step 10/128...
  Step 20/128...
  Step 30/128...
  Step 40/128...
  Step 50/128...
  Step 60/128...
  Step 70/128...
  Step 80/128...
  Step 90/128...
  Step 100/128...
  Step 110/128...
  Step 120/128...
Update 19 | SPS: 420 | AvgReward: 989.33 | StepRew: 43.95 | Len: 22.3 | Lines: 0.0 | Ent: 0.4271 | KL: 0.3075
Starting rollout for Update 20...
  Step 0/128...
  Step 10/128...
  Step 20/128...
  Step 30/128...
  Step 40/128...
  Step 50/128...
  Step 60/128...
  Step 70/128...
  Step 80/128...
  Step 90/128...
  Step 100/128...
  Step 110/128...
  Step 120/128...
Update 20 | SPS: 423 | AvgReward: 957.32 | StepRew: 43.93 | Len: 21.8 | Lines: 0.0 | Ent: 0.4343 | KL: 0.2939
Starting rollout for Update 21...
  Step 0/128...
  Step 10/128...
  Step 20/128...
  Step 30/128...
  Step 40/128...
  Step 50/128...
  Step 60/128...
  Step 70/128...
  Step 80/128...
  Step 90/128...
  Step 100/128...
  Step 110/128...
  Step 120/128...
Update 21 | SPS: 425 | AvgReward: 1052.17 | StepRew: 43.72 | Len: 23.2 | Lines: 0.0 | Ent: 0.3985 | KL: 0.2375
Starting rollout for Update 22...
  Step 0/128...
  Step 10/128...
  Step 20/128...
  Step 30/128...
  Step 40/128...
  Step 50/128...
  Step 60/128...
  Step 70/128...
  Step 80/128...
  Step 90/128...
  Step 100/128...
  Step 110/128...
  Step 120/128...
Update 22 | SPS: 428 | AvgReward: 1029.99 | StepRew: 43.78 | Len: 22.9 | Lines: 0.0 | Ent: 0.4105 | KL: 0.3623
Starting rollout for Update 23...
  Step 0/128...
  Step 10/128...
  Step 20/128...
  Step 30/128...
  Step 40/128...
  Step 50/128...
  Step 60/128...
  Step 70/128...
  Step 80/128...
  Step 90/128...
  Step 100/128...
  Step 110/128...
  Step 120/128...
Update 23 | SPS: 430 | AvgReward: 909.47 | StepRew: 43.61 | Len: 21.2 | Lines: 0.0 | Ent: 0.4203 | KL: 0.2623
Starting rollout for Update 24...
  Step 0/128...
  Step 10/128...
  Step 20/128...
  Step 30/128...
  Step 40/128...
  Step 50/128...
  Step 60/128...
  Step 70/128...
  Step 80/128...
  Step 90/128...
  Step 100/128...
  Step 110/128...
  Step 120/128...
Update 24 | SPS: 432 | AvgReward: 1001.62 | StepRew: 44.11 | Len: 23.1 | Lines: 0.0 | Ent: 0.4323 | KL: 0.5632
Starting rollout for Update 25...
  Step 0/128...
  Step 10/128...
  Step 20/128...
  Step 30/128...
  Step 40/128...
  Step 50/128...
  Step 60/128...
  Step 70/128...
  Step 80/128...
  Step 90/128...
  Step 100/128...
  Step 110/128...
  Step 120/128...
Update 25 | SPS: 434 | AvgReward: 997.14 | StepRew: 44.11 | Len: 22.7 | Lines: 0.0 | Ent: 0.4133 | KL: 0.2074
Starting rollout for Update 26...
  Step 0/128...
  Step 10/128...
  Step 20/128...
  Step 30/128...
  Step 40/128...
  Step 50/128...
  Step 60/128...
  Step 70/128...
  Step 80/128...
  Step 90/128...
  Step 100/128...
  Step 110/128...
  Step 120/128...
Update 26 | SPS: 436 | AvgReward: 968.62 | StepRew: 44.05 | Len: 22.4 | Lines: 0.0 | Ent: 0.4302 | KL: 0.3469
Starting rollout for Update 27...
  Step 0/128...
  Step 10/128...
  Step 20/128...
  Step 30/128...
  Step 40/128...
  Step 50/128...
  Step 60/128...
  Step 70/128...
  Step 80/128...
  Step 90/128...
  Step 100/128...
  Step 110/128...
  Step 120/128...
Update 27 | SPS: 438 | AvgReward: 1082.39 | StepRew: 44.17 | Len: 24.0 | Lines: 0.0 | Ent: 0.4341 | KL: 0.7615
Starting rollout for Update 28...
  Step 0/128...
  Step 10/128...
  Step 20/128...
  Step 30/128...
  Step 40/128...
  Step 50/128...
  Step 60/128...
  Step 70/128...
  Step 80/128...
  Step 90/128...
  Step 100/128...
  Step 110/128...
  Step 120/128...
Update 28 | SPS: 439 | AvgReward: 1003.55 | StepRew: 43.48 | Len: 22.9 | Lines: 0.0 | Ent: 0.4474 | KL: 0.3172
Starting rollout for Update 29...
  Step 0/128...
  Step 10/128...
  Step 20/128...
  Step 30/128...
  Step 40/128...
  Step 50/128...
  Step 60/128...
  Step 70/128...
  Step 80/128...
  Step 90/128...
  Step 100/128...
  Step 110/128...
  Step 120/128...
Update 29 | SPS: 441 | AvgReward: 977.78 | StepRew: 43.44 | Len: 22.5 | Lines: 0.0 | Ent: 0.4291 | KL: 0.5104
Starting rollout for Update 30...
  Step 0/128...
  Step 10/128...
  Step 20/128...
  Step 30/128...
  Step 40/128...
  Step 50/128...
  Step 60/128...
  Step 70/128...
  Step 80/128...
  Step 90/128...
  Step 100/128...
  Step 110/128...
  Step 120/128...
Update 30 | SPS: 442 | AvgReward: 1028.79 | StepRew: 44.48 | Len: 23.0 | Lines: 0.0 | Ent: 0.4259 | KL: 0.5017
Starting rollout for Update 31...
  Step 0/128...
  Step 10/128...
  Step 20/128...
  Step 30/128...
  Step 40/128...
  Step 50/128...
  Step 60/128...
  Step 70/128...
  Step 80/128...
  Step 90/128...
  Step 100/128...
  Step 110/128...
  Step 120/128...
Update 31 | SPS: 443 | AvgReward: 978.88 | StepRew: 43.68 | Len: 22.4 | Lines: 0.0 | Ent: 0.4360 | KL: 0.6352
Starting rollout for Update 32...
  Step 0/128...
  Step 10/128...
  Step 20/128...
  Step 30/128...
  Step 40/128...
  Step 50/128...
  Step 60/128...
  Step 70/128...
  Step 80/128...
  Step 90/128...
  Step 100/128...
  Step 110/128...
  Step 120/128...
Update 32 | SPS: 443 | AvgReward: 970.91 | StepRew: 43.90 | Len: 22.2 | Lines: 0.0 | Ent: 0.4075 | KL: 0.2833
Starting rollout for Update 33...
  Step 0/128...
  Step 10/128...
  Step 20/128...
  Step 30/128...
  Step 40/128...
  Step 50/128...
  Step 60/128...
  Step 70/128...
  Step 80/128...
  Step 90/128...
  Step 100/128...
  Step 110/128...
  Step 120/128...
Update 33 | SPS: 444 | AvgReward: 1103.85 | StepRew: 44.24 | Len: 24.0 | Lines: 0.0 | Ent: 0.4000 | KL: 0.5985
Starting rollout for Update 34...
  Step 0/128...
  Step 10/128...
  Step 20/128...
  Step 30/128...
  Step 40/128...
  Step 50/128...
  Step 60/128...
  Step 70/128...
  Step 80/128...
  Step 90/128...
  Step 100/128...
  Step 110/128...
  Step 120/128...
Update 34 | SPS: 445 | AvgReward: 1047.02 | StepRew: 44.56 | Len: 23.3 | Lines: 0.0 | Ent: 0.4055 | KL: 0.3986
Starting rollout for Update 35...
  Step 0/128...
  Step 10/128...
  Step 20/128...
  Step 30/128...
  Step 40/128...
  Step 50/128...
  Step 60/128...
  Step 70/128...
  Step 80/128...
  Step 90/128...
  Step 100/128...
  Step 110/128...
  Step 120/128...
Update 35 | SPS: 446 | AvgReward: 1040.74 | StepRew: 44.39 | Len: 23.6 | Lines: 0.0 | Ent: 0.3922 | KL: 1.1476
Starting rollout for Update 36...
  Step 0/128...
  Step 10/128...
  Step 20/128...
  Step 30/128...
  Step 40/128...
  Step 50/128...
  Step 60/128...
  Step 70/128...
  Step 80/128...
  Step 90/128...
  Step 100/128...
  Step 110/128...
  Step 120/128...
Update 36 | SPS: 447 | AvgReward: 966.99 | StepRew: 43.99 | Len: 22.1 | Lines: 0.0 | Ent: 0.3904 | KL: 0.3620
Starting rollout for Update 37...
  Step 0/128...
  Step 10/128...
  Step 20/128...
  Step 30/128...
  Step 40/128...
  Step 50/128...
  Step 60/128...
  Step 70/128...
  Step 80/128...
  Step 90/128...
  Step 100/128...
  Step 110/128...
  Step 120/128...
Update 37 | SPS: 447 | AvgReward: 1002.96 | StepRew: 44.07 | Len: 22.6 | Lines: 0.0 | Ent: 0.3687 | KL: 0.8112
Starting rollout for Update 38...
  Step 0/128...
  Step 10/128...
  Step 20/128...
  Step 30/128...
  Step 40/128...
  Step 50/128...
  Step 60/128...
  Step 70/128...
  Step 80/128...
  Step 90/128...
  Step 100/128...
  Step 110/128...
  Step 120/128...
Update 38 | SPS: 445 | AvgReward: 1119.35 | StepRew: 44.09 | Len: 24.7 | Lines: 0.0 | Ent: 0.3436 | KL: 0.8109
Starting rollout for Update 39...
  Step 0/128...
  Step 10/128...
  Step 20/128...
  Step 30/128...
  Step 40/128...
  Step 50/128...
  Step 60/128...
  Step 70/128...
  Step 80/128...
  Step 90/128...
  Step 100/128...
  Step 110/128...
  Step 120/128...
Update 39 | SPS: 442 | AvgReward: 978.48 | StepRew: 43.90 | Len: 22.3 | Lines: 0.0 | Ent: 0.3574 | KL: 0.8515
Starting rollout for Update 40...
  Step 0/128...
  Step 10/128...
  Step 20/128...
  Step 30/128...
  Step 40/128...
  Step 50/128...
  Step 60/128...
  Step 70/128...
  Step 80/128...
  Step 90/128...
  Step 100/128...
  Step 110/128...
  Step 120/128...
Update 40 | SPS: 440 | AvgReward: 983.85 | StepRew: 44.15 | Len: 22.4 | Lines: 0.0 | Ent: 0.3351 | KL: 0.2835
Starting rollout for Update 41...
  Step 0/128...
  Step 10/128...
  Step 20/128...
  Step 30/128...
  Step 40/128...
  Step 50/128...
  Step 60/128...
  Step 70/128...
  Step 80/128...
  Step 90/128...
  Step 100/128...
  Step 110/128...
  Step 120/128...
Update 41 | SPS: 437 | AvgReward: 954.81 | StepRew: 44.56 | Len: 21.8 | Lines: 0.0 | Ent: 0.3265 | KL: 0.3825
Starting rollout for Update 42...
  Step 0/128...
  Step 10/128...
  Step 20/128...
  Step 30/128...
  Step 40/128...
  Step 50/128...
  Step 60/128...
  Step 70/128...
  Step 80/128...
  Step 90/128...
  Step 100/128...
  Step 110/128...
  Step 120/128...
Update 42 | SPS: 435 | AvgReward: 1018.21 | StepRew: 43.72 | Len: 23.1 | Lines: 0.0 | Ent: 0.3065 | KL: 0.4746
Starting rollout for Update 43...
  Step 0/128...
  Step 10/128...
  Step 20/128...
  Step 30/128...
  Step 40/128...
  Step 50/128...
  Step 60/128...
  Step 70/128...
  Step 80/128...
  Step 90/128...
  Step 100/128...
  Step 110/128...
  Step 120/128...
Update 43 | SPS: 433 | AvgReward: 990.71 | StepRew: 43.71 | Len: 22.5 | Lines: 0.0 | Ent: 0.2964 | KL: 0.3309
Starting rollout for Update 44...
  Step 0/128...
  Step 10/128...
  Step 20/128...
  Step 30/128...
  Step 40/128...
  Step 50/128...
  Step 60/128...
  Step 70/128...
  Step 80/128...
  Step 90/128...
  Step 100/128...
  Step 110/128...
  Step 120/128...
Update 44 | SPS: 431 | AvgReward: 916.33 | StepRew: 44.00 | Len: 21.5 | Lines: 0.0 | Ent: 0.3106 | KL: 0.4180
Starting rollout for Update 45...
  Step 0/128...
  Step 10/128...
  Step 20/128...
  Step 30/128...
  Step 40/128...
  Step 50/128...
  Step 60/128...
  Step 70/128...
  Step 80/128...
  Step 90/128...
  Step 100/128...
  Step 110/128...
  Step 120/128...
Update 45 | SPS: 432 | AvgReward: 982.08 | StepRew: 44.16 | Len: 22.4 | Lines: 0.0 | Ent: 0.3038 | KL: 1.0223
Starting rollout for Update 46...
  Step 0/128...
  Step 10/128...
  Step 20/128...
  Step 30/128...
  Step 40/128...
  Step 50/128...
  Step 60/128...
  Step 70/128...
  Step 80/128...
  Step 90/128...
  Step 100/128...
  Step 110/128...
  Step 120/128...
Update 46 | SPS: 432 | AvgReward: 905.32 | StepRew: 43.85 | Len: 21.1 | Lines: 0.0 | Ent: 0.2856 | KL: 0.7855
Starting rollout for Update 47...
  Step 0/128...
  Step 10/128...
  Step 20/128...
  Step 30/128...
  Step 40/128...
  Step 50/128...
  Step 60/128...
  Step 70/128...
  Step 80/128...
  Step 90/128...
  Step 100/128...
  Step 110/128...
  Step 120/128...
Update 47 | SPS: 430 | AvgReward: 1058.61 | StepRew: 44.41 | Len: 23.7 | Lines: 0.0 | Ent: 0.2860 | KL: 1.0672
Starting rollout for Update 48...
  Step 0/128...
  Step 10/128...
  Step 20/128...
  Step 30/128...
  Step 40/128...
  Step 50/128...
  Step 60/128...
  Step 70/128...
  Step 80/128...
  Step 90/128...
  Step 100/128...
  Step 110/128...
  Step 120/128...
Update 48 | SPS: 429 | AvgReward: 941.34 | StepRew: 43.85 | Len: 21.6 | Lines: 0.0 | Ent: 0.2481 | KL: 1.6683
Starting rollout for Update 49...
  Step 0/128...
  Step 10/128...
  Step 20/128...
  Step 30/128...
  Step 40/128...
  Step 50/128...
  Step 60/128...
  Step 70/128...
  Step 80/128...
  Step 90/128...
  Step 100/128...
  Step 110/128...
  Step 120/128...
Update 49 | SPS: 428 | AvgReward: 949.86 | StepRew: 44.13 | Len: 22.0 | Lines: 0.0 | Ent: 0.2450 | KL: 0.9788
Starting rollout for Update 50...
  Step 0/128...
  Step 10/128...
  Step 20/128...
  Step 30/128...
  Step 40/128...
  Step 50/128...
  Step 60/128...
  Step 70/128...
  Step 80/128...
  Step 90/128...
  Step 100/128...
  Step 110/128...
  Step 120/128...
Update 50 | SPS: 427 | AvgReward: 921.38 | StepRew: 44.00 | Len: 21.7 | Lines: 0.0 | Ent: 0.2158 | KL: 0.7518
Starting rollout for Update 51...
  Step 0/128...
  Step 10/128...
  Step 20/128...
  Step 30/128...
  Step 40/128...
  Step 50/128...
  Step 60/128...
  Step 70/128...
  Step 80/128...
  Step 90/128...
  Step 100/128...
  Step 110/128...
  Step 120/128...
Update 51 | SPS: 426 | AvgReward: 953.61 | StepRew: 44.10 | Len: 21.9 | Lines: 0.0 | Ent: 0.1937 | KL: 0.6393
Starting rollout for Update 52...
  Step 0/128...
  Step 10/128...
  Step 20/128...
  Step 30/128...
  Step 40/128...
  Step 50/128...
  Step 60/128...
  Step 70/128...
  Step 80/128...
  Step 90/128...
  Step 100/128...
  Step 110/128...
  Step 120/128...
Update 52 | SPS: 424 | AvgReward: 992.52 | StepRew: 44.38 | Len: 22.6 | Lines: 0.0 | Ent: 0.2172 | KL: 4.0065
Starting rollout for Update 53...
  Step 0/128...
  Step 10/128...
  Step 20/128...
  Step 30/128...
  Step 40/128...
  Step 50/128...
  Step 60/128...
  Step 70/128...
  Step 80/128...
  Step 90/128...
  Step 100/128...
  Step 110/128...
  Step 120/128...
Update 53 | SPS: 423 | AvgReward: 1014.37 | StepRew: 44.32 | Len: 22.9 | Lines: 0.0 | Ent: 0.2061 | KL: 0.7336
Starting rollout for Update 54...
  Step 0/128...
  Step 10/128...
  Step 20/128...
  Step 30/128...
  Step 40/128...
  Step 50/128...
  Step 60/128...
  Step 70/128...
  Step 80/128...
  Step 90/128...
  Step 100/128...
  Step 110/128...
  Step 120/128...
Update 54 | SPS: 422 | AvgReward: 974.89 | StepRew: 43.86 | Len: 22.3 | Lines: 0.0 | Ent: 0.2339 | KL: 1.0124
Starting rollout for Update 55...
  Step 0/128...
  Step 10/128...
  Step 20/128...
  Step 30/128...
  Step 40/128...
  Step 50/128...
  Step 60/128...
  Step 70/128...
  Step 80/128...
  Step 90/128...
  Step 100/128...
  Step 110/128...
  Step 120/128...
Update 55 | SPS: 421 | AvgReward: 1064.59 | StepRew: 44.16 | Len: 23.9 | Lines: 0.0 | Ent: 0.2089 | KL: 0.6622
Starting rollout for Update 56...
  Step 0/128...
  Step 10/128...
  Step 20/128...
  Step 30/128...
  Step 40/128...
  Step 50/128...
  Step 60/128...
  Step 70/128...
  Step 80/128...
  Step 90/128...
  Step 100/128...
  Step 110/128...
  Step 120/128...
Update 56 | SPS: 419 | AvgReward: 964.29 | StepRew: 44.30 | Len: 22.1 | Lines: 0.0 | Ent: 0.2170 | KL: 536.9708
Starting rollout for Update 57...
  Step 0/128...
  Step 10/128...
  Step 20/128...
  Step 30/128...
  Step 40/128...
  Step 50/128...
  Step 60/128...
  Step 70/128...
  Step 80/128...
  Step 90/128...
  Step 100/128...
  Step 110/128...
  Step 120/128...
Update 57 | SPS: 418 | AvgReward: 998.91 | StepRew: 44.00 | Len: 22.8 | Lines: 0.0 | Ent: 0.2217 | KL: 0.5008
Starting rollout for Update 58...
  Step 0/128...
  Step 10/128...
  Step 20/128...
  Step 30/128...
  Step 40/128...
  Step 50/128...
  Step 60/128...
  Step 70/128...
  Step 80/128...
  Step 90/128...
  Step 100/128...
  Step 110/128...
  Step 120/128...
Update 58 | SPS: 417 | AvgReward: 1047.03 | StepRew: 44.27 | Len: 23.7 | Lines: 0.0 | Ent: 0.2174 | KL: 0.4118
Starting rollout for Update 59...
  Step 0/128...
  Step 10/128...
  Step 20/128...
  Step 30/128...
  Step 40/128...
  Step 50/128...
  Step 60/128...
  Step 70/128...
  Step 80/128...
  Step 90/128...
  Step 100/128...
  Step 110/128...
  Step 120/128...
Update 59 | SPS: 416 | AvgReward: 996.79 | StepRew: 44.28 | Len: 22.7 | Lines: 0.0 | Ent: 0.1797 | KL: 0.8795
Starting rollout for Update 60...
  Step 0/128...
  Step 10/128...
  Step 20/128...
  Step 30/128...
  Step 40/128...
  Step 50/128...
  Step 60/128...
  Step 70/128...
  Step 80/128...
  Step 90/128...
  Step 100/128...
  Step 110/128...
  Step 120/128...
Update 60 | SPS: 415 | AvgReward: 1028.92 | StepRew: 44.12 | Len: 23.0 | Lines: 0.0 | Ent: 0.1803 | KL: 0.6767
Starting rollout for Update 61...
  Step 0/128...
  Step 10/128...
  Step 20/128...
  Step 30/128...
  Step 40/128...
  Step 50/128...
  Step 60/128...
  Step 70/128...
  Step 80/128...
  Step 90/128...
  Step 100/128...
  Step 110/128...
  Step 120/128...
Update 61 | SPS: 416 | AvgReward: 993.96 | StepRew: 43.66 | Len: 22.5 | Lines: 0.0 | Ent: 0.1614 | KL: 1.9068
Starting rollout for Update 62...
  Step 0/128...
  Step 10/128...
  Step 20/128...
  Step 30/128...
  Step 40/128...
  Step 50/128...
  Step 60/128...
  Step 70/128...
  Step 80/128...
  Step 90/128...
  Step 100/128...
  Step 110/128...
  Step 120/128...
Update 62 | SPS: 417 | AvgReward: 1021.25 | StepRew: 44.05 | Len: 23.0 | Lines: 0.0 | Ent: 0.1597 | KL: 0.7987
Starting rollout for Update 63...
  Step 0/128...
  Step 10/128...
  Step 20/128...
  Step 30/128...
  Step 40/128...
  Step 50/128...
  Step 60/128...
  Step 70/128...
  Step 80/128...
  Step 90/128...
  Step 100/128...
  Step 110/128...
  Step 120/128...
Update 63 | SPS: 418 | AvgReward: 1004.36 | StepRew: 44.44 | Len: 22.7 | Lines: 0.0 | Ent: 0.1644 | KL: 0.6483
Starting rollout for Update 64...
  Step 0/128...
  Step 10/128...
  Step 20/128...
  Step 30/128...
  Step 40/128...
  Step 50/128...
  Step 60/128...
  Step 70/128...
  Step 80/128...
  Step 90/128...
  Step 100/128...
  Step 110/128...
  Step 120/128...
Update 64 | SPS: 419 | AvgReward: 982.80 | StepRew: 44.05 | Len: 22.4 | Lines: 0.0 | Ent: 0.1506 | KL: 0.9053
Starting rollout for Update 65...
  Step 0/128...
  Step 10/128...
  Step 20/128...
  Step 30/128...
  Step 40/128...
  Step 50/128...
  Step 60/128...
  Step 70/128...
  Step 80/128...
  Step 90/128...
  Step 100/128...
  Step 110/128...
  Step 120/128...
Update 65 | SPS: 419 | AvgReward: 1089.57 | StepRew: 44.16 | Len: 24.0 | Lines: 0.0 | Ent: 0.1625 | KL: 0.3582
Starting rollout for Update 66...
  Step 0/128...
  Step 10/128...
  Step 20/128...
  Step 30/128...
  Step 40/128...
  Step 50/128...
  Step 60/128...
  Step 70/128...
  Step 80/128...
  Step 90/128...
  Step 100/128...
  Step 110/128...
  Step 120/128...
Update 66 | SPS: 418 | AvgReward: 962.38 | StepRew: 44.24 | Len: 21.9 | Lines: 0.0 | Ent: 0.1509 | KL: 1.2552
Starting rollout for Update 67...
  Step 0/128...
  Step 10/128...
  Step 20/128...
  Step 30/128...
  Step 40/128...
  Step 50/128...
  Step 60/128...
  Step 70/128...
  Step 80/128...
  Step 90/128...
  Step 100/128...
  Step 110/128...
  Step 120/128...
Update 67 | SPS: 417 | AvgReward: 982.26 | StepRew: 44.12 | Len: 22.4 | Lines: 0.0 | Ent: 0.1481 | KL: 0.6280
Starting rollout for Update 68...
  Step 0/128...
  Step 10/128...
  Step 20/128...
  Step 30/128...
  Step 40/128...
  Step 50/128...
  Step 60/128...
  Step 70/128...
  Step 80/128...
  Step 90/128...
  Step 100/128...
  Step 110/128...
  Step 120/128...
Update 68 | SPS: 416 | AvgReward: 970.03 | StepRew: 44.33 | Len: 22.2 | Lines: 0.0 | Ent: 0.1391 | KL: 1.4966
Starting rollout for Update 69...
  Step 0/128...
  Step 10/128...
  Step 20/128...
  Step 30/128...
  Step 40/128...
  Step 50/128...
  Step 60/128...
  Step 70/128...
  Step 80/128...
  Step 90/128...
  Step 100/128...
  Step 110/128...
  Step 120/128...
Update 69 | SPS: 415 | AvgReward: 1024.72 | StepRew: 43.86 | Len: 23.1 | Lines: 0.0 | Ent: 0.1365 | KL: 0.8269
Starting rollout for Update 70...
  Step 0/128...
  Step 10/128...
  Step 20/128...
  Step 30/128...
  Step 40/128...
  Step 50/128...
  Step 60/128...
  Step 70/128...
  Step 80/128...
  Step 90/128...
  Step 100/128...
  Step 110/128...
  Step 120/128...
Update 70 | SPS: 415 | AvgReward: 1000.37 | StepRew: 44.42 | Len: 22.7 | Lines: 0.0 | Ent: 0.1252 | KL: 0.6980
Starting rollout for Update 71...
  Step 0/128...
  Step 10/128...
  Step 20/128...
  Step 30/128...
  Step 40/128...
  Step 50/128...
  Step 60/128...
  Step 70/128...
  Step 80/128...
  Step 90/128...
  Step 100/128...
  Step 110/128...
  Step 120/128...
Update 71 | SPS: 414 | AvgReward: 850.96 | StepRew: 43.76 | Len: 20.3 | Lines: 0.0 | Ent: 0.1348 | KL: 2.8596
Starting rollout for Update 72...
  Step 0/128...
  Step 10/128...
  Step 20/128...
  Step 30/128...
  Step 40/128...
  Step 50/128...
  Step 60/128...
  Step 70/128...
  Step 80/128...
  Step 90/128...
  Step 100/128...
  Step 110/128...
  Step 120/128...
Update 72 | SPS: 413 | AvgReward: 868.36 | StepRew: 43.87 | Len: 20.6 | Lines: 0.0 | Ent: 0.1265 | KL: 0.7417
Starting rollout for Update 73...
  Step 0/128...
  Step 10/128...
  Step 20/128...
  Step 30/128...
  Step 40/128...
  Step 50/128...
  Step 60/128...
  Step 70/128...
  Step 80/128...
  Step 90/128...
  Step 100/128...
  Step 110/128...
  Step 120/128...
Update 73 | SPS: 413 | AvgReward: 916.50 | StepRew: 43.79 | Len: 21.6 | Lines: 0.0 | Ent: 0.1391 | KL: 0.4138
Starting rollout for Update 74...
  Step 0/128...
  Step 10/128...
  Step 20/128...
  Step 30/128...
  Step 40/128...
  Step 50/128...
  Step 60/128...
  Step 70/128...
  Step 80/128...
  Step 90/128...
  Step 100/128...
  Step 110/128...
  Step 120/128...
Update 74 | SPS: 412 | AvgReward: 963.13 | StepRew: 44.02 | Len: 21.9 | Lines: 0.0 | Ent: 0.1365 | KL: 0.9519
Starting rollout for Update 75...
  Step 0/128...
  Step 10/128...
  Step 20/128...
  Step 30/128...
  Step 40/128...
  Step 50/128...
  Step 60/128...
  Step 70/128...
  Step 80/128...
  Step 90/128...
  Step 100/128...
  Step 110/128...
  Step 120/128...
Update 75 | SPS: 412 | AvgReward: 913.29 | StepRew: 43.49 | Len: 21.6 | Lines: 0.0 | Ent: 0.1345 | KL: 38.4042
Starting rollout for Update 76...
  Step 0/128...
  Step 10/128...
  Step 20/128...
  Step 30/128...
  Step 40/128...
  Step 50/128...
  Step 60/128...
  Step 70/128...
  Step 80/128...
  Step 90/128...
  Step 100/128...
  Step 110/128...
  Step 120/128...
Update 76 | SPS: 411 | AvgReward: 1022.64 | StepRew: 43.95 | Len: 23.3 | Lines: 0.0 | Ent: 0.1165 | KL: 1.3755
Starting rollout for Update 77...
  Step 0/128...
  Step 10/128...
  Step 20/128...
  Step 30/128...
  Step 40/128...
  Step 50/128...
  Step 60/128...
  Step 70/128...
  Step 80/128...
  Step 90/128...
  Step 100/128...
  Step 110/128...
  Step 120/128...
Update 77 | SPS: 411 | AvgReward: 981.10 | StepRew: 44.33 | Len: 22.5 | Lines: 0.0 | Ent: 0.1255 | KL: 1.5191
Starting rollout for Update 78...
  Step 0/128...
  Step 10/128...
  Step 20/128...
  Step 30/128...
  Step 40/128...
  Step 50/128...
  Step 60/128...
  Step 70/128...
  Step 80/128...
  Step 90/128...
  Step 100/128...
  Step 110/128...
  Step 120/128...
Update 78 | SPS: 410 | AvgReward: 1010.15 | StepRew: 44.01 | Len: 22.7 | Lines: 0.0 | Ent: 0.1301 | KL: 0.9293
Starting rollout for Update 79...
  Step 0/128...
  Step 10/128...
  Step 20/128...
  Step 30/128...
  Step 40/128...
  Step 50/128...
  Step 60/128...
  Step 70/128...
  Step 80/128...
  Step 90/128...
  Step 100/128...
  Step 110/128...
  Step 120/128...
Update 79 | SPS: 410 | AvgReward: 975.11 | StepRew: 43.50 | Len: 22.2 | Lines: 0.0 | Ent: 0.0944 | KL: 1.5612
Starting rollout for Update 80...
  Step 0/128...
  Step 10/128...
  Step 20/128...
  Step 30/128...
  Step 40/128...
  Step 50/128...
  Step 60/128...
  Step 70/128...
  Step 80/128...
  Step 90/128...
  Step 100/128...
  Step 110/128...
  Step 120/128...
Update 80 | SPS: 409 | AvgReward: 1049.42 | StepRew: 43.96 | Len: 23.9 | Lines: 0.0 | Ent: 0.0997 | KL: 2.8598
Starting rollout for Update 81...
  Step 0/128...
  Step 10/128...
  Step 20/128...
  Step 30/128...
  Step 40/128...
  Step 50/128...
  Step 60/128...
  Step 70/128...
  Step 80/128...
  Step 90/128...
  Step 100/128...
  Step 110/128...
  Step 120/128...
Update 81 | SPS: 409 | AvgReward: 961.98 | StepRew: 44.21 | Len: 22.1 | Lines: 0.0 | Ent: 0.1091 | KL: 1.6571
Starting rollout for Update 82...
  Step 0/128...
  Step 10/128...
  Step 20/128...
  Step 30/128...
  Step 40/128...
  Step 50/128...
  Step 60/128...
  Step 70/128...
  Step 80/128...
  Step 90/128...
  Step 100/128...
  Step 110/128...
  Step 120/128...
Update 82 | SPS: 409 | AvgReward: 937.94 | StepRew: 44.24 | Len: 21.6 | Lines: 0.0 | Ent: 0.1089 | KL: 0.9651
Starting rollout for Update 83...
  Step 0/128...
  Step 10/128...
  Step 20/128...
  Step 30/128...
  Step 40/128...
  Step 50/128...
  Step 60/128...
  Step 70/128...
  Step 80/128...
  Step 90/128...
  Step 100/128...
  Step 110/128...
  Step 120/128...
Update 83 | SPS: 408 | AvgReward: 1060.86 | StepRew: 44.25 | Len: 23.5 | Lines: 0.0 | Ent: 0.1126 | KL: 1.0166
Starting rollout for Update 84...
  Step 0/128...
  Step 10/128...
  Step 20/128...
  Step 30/128...
  Step 40/128...
  Step 50/128...
  Step 60/128...
  Step 70/128...
  Step 80/128...
  Step 90/128...
  Step 100/128...
  Step 110/128...
  Step 120/128...
Update 84 | SPS: 407 | AvgReward: 961.03 | StepRew: 43.79 | Len: 22.4 | Lines: 0.0 | Ent: 0.1154 | KL: 75106.2188
Starting rollout for Update 85...
  Step 0/128...
  Step 10/128...
  Step 20/128...
  Step 30/128...
  Step 40/128...
  Step 50/128...
  Step 60/128...
  Step 70/128...
  Step 80/128...
  Step 90/128...
  Step 100/128...
  Step 110/128...
  Step 120/128...
Update 85 | SPS: 408 | AvgReward: 1071.29 | StepRew: 43.92 | Len: 24.0 | Lines: 0.0 | Ent: 0.1221 | KL: 8.6502
Starting rollout for Update 86...
  Step 0/128...
  Step 10/128...
  Step 20/128...
  Step 30/128...
  Step 40/128...
  Step 50/128...
  Step 60/128...
  Step 70/128...
  Step 80/128...
  Step 90/128...
  Step 100/128...
  Step 110/128...
  Step 120/128...
Update 86 | SPS: 407 | AvgReward: 967.65 | StepRew: 44.27 | Len: 22.0 | Lines: 0.0 | Ent: 0.1118 | KL: 0.9647
Starting rollout for Update 87...
  Step 0/128...
  Step 10/128...
  Step 20/128...
  Step 30/128...
  Step 40/128...
  Step 50/128...
  Step 60/128...
  Step 70/128...
  Step 80/128...
  Step 90/128...
  Step 100/128...
  Step 110/128...
  Step 120/128...
Update 87 | SPS: 407 | AvgReward: 978.14 | StepRew: 43.93 | Len: 22.3 | Lines: 0.0 | Ent: 0.1189 | KL: 0.6955
Starting rollout for Update 88...
  Step 0/128...
  Step 10/128...
  Step 20/128...
  Step 30/128...
  Step 40/128...
  Step 50/128...
  Step 60/128...
  Step 70/128...
  Step 80/128...
  Step 90/128...
  Step 100/128...
  Step 110/128...
  Step 120/128...
Update 88 | SPS: 406 | AvgReward: 1059.32 | StepRew: 44.13 | Len: 23.5 | Lines: 0.0 | Ent: 0.1222 | KL: 3.8863
Starting rollout for Update 89...
  Step 0/128...
  Step 10/128...
  Step 20/128...
  Step 30/128...
  Step 40/128...
  Step 50/128...
  Step 60/128...
  Step 70/128...
  Step 80/128...
  Step 90/128...
  Step 100/128...
  Step 110/128...
  Step 120/128...
Update 89 | SPS: 406 | AvgReward: 1057.38 | StepRew: 44.28 | Len: 23.5 | Lines: 0.0 | Ent: 0.1073 | KL: 1.1049
Starting rollout for Update 90...
  Step 0/128...
  Step 10/128...
  Step 20/128...
  Step 30/128...
  Step 40/128...
  Step 50/128...
  Step 60/128...
  Step 70/128...
  Step 80/128...
  Step 90/128...
  Step 100/128...
  Step 110/128...
  Step 120/128...
Update 90 | SPS: 406 | AvgReward: 1067.04 | StepRew: 43.96 | Len: 23.8 | Lines: 0.0 | Ent: 0.1137 | KL: 2.0609
Starting rollout for Update 91...
  Step 0/128...
  Step 10/128...
  Step 20/128...
  Step 30/128...
  Step 40/128...
  Step 50/128...
  Step 60/128...
  Step 70/128...
  Step 80/128...
  Step 90/128...
  Step 100/128...
  Step 110/128...
  Step 120/128...
Update 91 | SPS: 406 | AvgReward: 929.55 | StepRew: 44.07 | Len: 21.4 | Lines: 0.0 | Ent: 0.1020 | KL: 1.7255
Starting rollout for Update 92...
  Step 0/128...
  Step 10/128...
  Step 20/128...
  Step 30/128...
  Step 40/128...
  Step 50/128...
  Step 60/128...
  Step 70/128...
  Step 80/128...
  Step 90/128...
  Step 100/128...
  Step 110/128...
  Step 120/128...
Update 92 | SPS: 406 | AvgReward: 932.66 | StepRew: 43.71 | Len: 22.1 | Lines: 0.0 | Ent: 0.1189 | KL: 1.2176
Starting rollout for Update 93...
  Step 0/128...
  Step 10/128...
  Step 20/128...
  Step 30/128...
  Step 40/128...
  Step 50/128...
  Step 60/128...
  Step 70/128...
  Step 80/128...
  Step 90/128...
  Step 100/128...
  Step 110/128...
  Step 120/128...
Update 93 | SPS: 405 | AvgReward: 1074.93 | StepRew: 44.42 | Len: 23.6 | Lines: 0.0 | Ent: 0.1131 | KL: 2.1010
Starting rollout for Update 94...
  Step 0/128...
  Step 10/128...
  Step 20/128...
  Step 30/128...
  Step 40/128...
  Step 50/128...
  Step 60/128...
  Step 70/128...
  Step 80/128...
  Step 90/128...
  Step 100/128...
  Step 110/128...
  Step 120/128...
Update 94 | SPS: 405 | AvgReward: 1030.38 | StepRew: 43.88 | Len: 23.6 | Lines: 0.0 | Ent: 0.1075 | KL: 1.2984
Starting rollout for Update 95...
  Step 0/128...
  Step 10/128...
  Step 20/128...
  Step 30/128...
  Step 40/128...
  Step 50/128...
  Step 60/128...
  Step 70/128...
  Step 80/128...
  Step 90/128...
  Step 100/128...
  Step 110/128...
  Step 120/128...
Update 95 | SPS: 405 | AvgReward: 1020.25 | StepRew: 43.65 | Len: 23.2 | Lines: 0.0 | Ent: 0.1026 | KL: 80.4522
Starting rollout for Update 96...
  Step 0/128...
  Step 10/128...
  Step 20/128...
  Step 30/128...
  Step 40/128...
  Step 50/128...
  Step 60/128...
  Step 70/128...
  Step 80/128...
  Step 90/128...
  Step 100/128...
  Step 110/128...
  Step 120/128...
Update 96 | SPS: 404 | AvgReward: 1017.19 | StepRew: 43.83 | Len: 23.0 | Lines: 0.0 | Ent: 0.1067 | KL: 0.8097
Starting rollout for Update 97...
  Step 0/128...
  Step 10/128...
  Step 20/128...
  Step 30/128...
  Step 40/128...
  Step 50/128...
  Step 60/128...
  Step 70/128...
  Step 80/128...
  Step 90/128...
  Step 100/128...
  Step 110/128...
  Step 120/128...
Update 97 | SPS: 404 | AvgReward: 1003.14 | StepRew: 44.15 | Len: 22.8 | Lines: 0.0 | Ent: 0.1096 | KL: 1.2871
Starting rollout for Update 98...
  Step 0/128...
  Step 10/128...
  Step 20/128...
  Step 30/128...
  Step 40/128...
  Step 50/128...
  Step 60/128...
  Step 70/128...
  Step 80/128...
  Step 90/128...
  Step 100/128...
  Step 110/128...
  Step 120/128...
Update 98 | SPS: 404 | AvgReward: 1008.57 | StepRew: 43.98 | Len: 22.9 | Lines: 0.0 | Ent: 0.1126 | KL: 1.6839
Starting rollout for Update 99...
  Step 0/128...
  Step 10/128...
  Step 20/128...
  Step 30/128...
  Step 40/128...
  Step 50/128...
  Step 60/128...
  Step 70/128...
  Step 80/128...
  Step 90/128...
  Step 100/128...
  Step 110/128...
  Step 120/128...
Update 99 | SPS: 403 | AvgReward: 970.80 | StepRew: 44.27 | Len: 22.1 | Lines: 0.0 | Ent: 0.1148 | KL: 1.4404
Starting rollout for Update 100...
  Step 0/128...
  Step 10/128...
  Step 20/128...
  Step 30/128...
  Step 40/128...
  Step 50/128...
  Step 60/128...
  Step 70/128...
  Step 80/128...
  Step 90/128...
  Step 100/128...
  Step 110/128...
  Step 120/128...
Update 100 | SPS: 403 | AvgReward: 1008.95 | StepRew: 44.06 | Len: 22.7 | Lines: 0.0 | Ent: 0.1227 | KL: 0.6130
Starting rollout for Update 101...
  Step 0/128...
  Step 10/128...
  Step 20/128...
  Step 30/128...
  Step 40/128...
  Step 50/128...
  Step 60/128...
  Step 70/128...
  Step 80/128...
  Step 90/128...
  Step 100/128...
  Step 110/128...
  Step 120/128...
Update 101 | SPS: 402 | AvgReward: 989.62 | StepRew: 43.70 | Len: 22.7 | Lines: 0.0 | Ent: 0.1303 | KL: 0.9555
Starting rollout for Update 102...
  Step 0/128...
  Step 10/128...
  Step 20/128...
  Step 30/128...
  Step 40/128...
  Step 50/128...
  Step 60/128...
  Step 70/128...
  Step 80/128...
  Step 90/128...
  Step 100/128...
  Step 110/128...
  Step 120/128...
Update 102 | SPS: 403 | AvgReward: 890.25 | StepRew: 44.37 | Len: 21.0 | Lines: 0.0 | Ent: 0.1382 | KL: 4.0618
Starting rollout for Update 103...
  Step 0/128...
  Step 10/128...
  Step 20/128...
  Step 30/128...
  Step 40/128...
  Step 50/128...
  Step 60/128...
  Step 70/128...
  Step 80/128...
  Step 90/128...
  Step 100/128...
  Step 110/128...
  Step 120/128...
Update 103 | SPS: 403 | AvgReward: 1001.34 | StepRew: 44.41 | Len: 22.6 | Lines: 0.0 | Ent: 0.1077 | KL: 17.2304
Starting rollout for Update 104...
  Step 0/128...
  Step 10/128...
  Step 20/128...
  Step 30/128...
  Step 40/128...
  Step 50/128...
  Step 60/128...
  Step 70/128...
  Step 80/128...
  Step 90/128...
  Step 100/128...
  Step 110/128...
  Step 120/128...
Update 104 | SPS: 402 | AvgReward: 950.44 | StepRew: 44.35 | Len: 21.9 | Lines: 0.0 | Ent: 0.0783 | KL: 2.8105
Starting rollout for Update 105...
  Step 0/128...
  Step 10/128...
  Step 20/128...
  Step 30/128...
  Step 40/128...
  Step 50/128...
  Step 60/128...
  Step 70/128...
  Step 80/128...
  Step 90/128...
  Step 100/128...
  Step 110/128...
  Step 120/128...
Update 105 | SPS: 402 | AvgReward: 926.99 | StepRew: 43.56 | Len: 21.3 | Lines: 0.0 | Ent: 0.1140 | KL: 2.4425
Starting rollout for Update 106...
  Step 0/128...
  Step 10/128...
  Step 20/128...
  Step 30/128...
  Step 40/128...
  Step 50/128...
  Step 60/128...
  Step 70/128...
  Step 80/128...
  Step 90/128...
  Step 100/128...
  Step 110/128...
  Step 120/128...
Update 106 | SPS: 402 | AvgReward: 970.20 | StepRew: 44.17 | Len: 22.4 | Lines: 0.0 | Ent: 0.1049 | KL: 11.3660
Starting rollout for Update 107...
  Step 0/128...
  Step 10/128...
  Step 20/128...
  Step 30/128...
  Step 40/128...
  Step 50/128...
  Step 60/128...
  Step 70/128...
  Step 80/128...
  Step 90/128...
  Step 100/128...
  Step 110/128...
  Step 120/128...
Update 107 | SPS: 401 | AvgReward: 1014.76 | StepRew: 44.67 | Len: 23.0 | Lines: 0.0 | Ent: 0.1223 | KL: 2.0566
Starting rollout for Update 108...
  Step 0/128...
  Step 10/128...
  Step 20/128...
  Step 30/128...
  Step 40/128...
  Step 50/128...
  Step 60/128...
  Step 70/128...
  Step 80/128...
  Step 90/128...
  Step 100/128...
  Step 110/128...
  Step 120/128...
Update 108 | SPS: 401 | AvgReward: 993.68 | StepRew: 44.16 | Len: 22.5 | Lines: 0.0 | Ent: 0.0892 | KL: 2.0797
Starting rollout for Update 109...
  Step 0/128...
  Step 10/128...
  Step 20/128...
  Step 30/128...
  Step 40/128...
  Step 50/128...
  Step 60/128...
  Step 70/128...
  Step 80/128...
  Step 90/128...
  Step 100/128...
  Step 110/128...
  Step 120/128...
Update 109 | SPS: 400 | AvgReward: 1091.99 | StepRew: 44.63 | Len: 24.3 | Lines: 0.0 | Ent: 0.0719 | KL: 22.7491
Starting rollout for Update 110...
  Step 0/128...
  Step 10/128...
  Step 20/128...
  Step 30/128...
  Step 40/128...
  Step 50/128...
  Step 60/128...
  Step 70/128...
  Step 80/128...
  Step 90/128...
  Step 100/128...
  Step 110/128...
  Step 120/128...
Update 110 | SPS: 400 | AvgReward: 933.88 | StepRew: 43.66 | Len: 21.8 | Lines: 0.0 | Ent: 0.0675 | KL: 3.1768
Starting rollout for Update 111...
  Step 0/128...
  Step 10/128...
  Step 20/128...
  Step 30/128...
  Step 40/128...
  Step 50/128...
  Step 60/128...
  Step 70/128...
  Step 80/128...
  Step 90/128...
  Step 100/128...
  Step 110/128...
  Step 120/128...
Update 111 | SPS: 399 | AvgReward: 928.64 | StepRew: 44.24 | Len: 21.6 | Lines: 0.0 | Ent: 0.0684 | KL: 1.4909
Starting rollout for Update 112...
  Step 0/128...
  Step 10/128...
  Step 20/128...
  Step 30/128...
  Step 40/128...
  Step 50/128...
  Step 60/128...
  Step 70/128...
  Step 80/128...
  Step 90/128...
  Step 100/128...
  Step 110/128...
  Step 120/128...
Update 112 | SPS: 399 | AvgReward: 962.12 | StepRew: 44.04 | Len: 22.0 | Lines: 0.0 | Ent: 0.0748 | KL: 1.6484
Starting rollout for Update 113...
  Step 0/128...
  Step 10/128...
  Step 20/128...
  Step 30/128...
  Step 40/128...
  Step 50/128...
  Step 60/128...
  Step 70/128...
  Step 80/128...
  Step 90/128...
  Step 100/128...
  Step 110/128...
  Step 120/128...
Update 113 | SPS: 399 | AvgReward: 1052.77 | StepRew: 44.30 | Len: 23.2 | Lines: 0.0 | Ent: 0.0679 | KL: 1.8730
Starting rollout for Update 114...
  Step 0/128...
  Step 10/128...
  Step 20/128...
  Step 30/128...
  Step 40/128...
  Step 50/128...
  Step 60/128...
  Step 70/128...
  Step 80/128...
  Step 90/128...
  Step 100/128...
  Step 110/128...
  Step 120/128...
Update 114 | SPS: 399 | AvgReward: 1004.29 | StepRew: 44.18 | Len: 22.9 | Lines: 0.0 | Ent: 0.0770 | KL: 1.7612
Starting rollout for Update 115...
  Step 0/128...
  Step 10/128...
  Step 20/128...
  Step 30/128...
  Step 40/128...
  Step 50/128...
  Step 60/128...
  Step 70/128...
  Step 80/128...
  Step 90/128...
  Step 100/128...
  Step 110/128...
  Step 120/128...
Update 115 | SPS: 398 | AvgReward: 930.68 | StepRew: 44.45 | Len: 21.7 | Lines: 0.0 | Ent: 0.0647 | KL: 1977030.6250
Starting rollout for Update 116...
  Step 0/128...
  Step 10/128...
  Step 20/128...
  Step 30/128...
  Step 40/128...
  Step 50/128...
  Step 60/128...
  Step 70/128...
  Step 80/128...
  Step 90/128...
  Step 100/128...
  Step 110/128...
  Step 120/128...
Update 116 | SPS: 398 | AvgReward: 1069.95 | StepRew: 44.48 | Len: 23.9 | Lines: 0.0 | Ent: 0.0571 | KL: 2.3310
Starting rollout for Update 117...
  Step 0/128...
  Step 10/128...
  Step 20/128...
  Step 30/128...
  Step 40/128...
  Step 50/128...
  Step 60/128...
  Step 70/128...
  Step 80/128...
  Step 90/128...
  Step 100/128...
  Step 110/128...
  Step 120/128...
Update 117 | SPS: 398 | AvgReward: 953.72 | StepRew: 43.82 | Len: 21.8 | Lines: 0.0 | Ent: 0.0628 | KL: 9.4831
Starting rollout for Update 118...
  Step 0/128...
  Step 10/128...
  Step 20/128...
  Step 30/128...
  Step 40/128...
  Step 50/128...
  Step 60/128...
  Step 70/128...
  Step 80/128...
  Step 90/128...
  Step 100/128...
  Step 110/128...
  Step 120/128...
Update 118 | SPS: 398 | AvgReward: 933.79 | StepRew: 44.31 | Len: 21.8 | Lines: 0.0 | Ent: 0.0655 | KL: 1446.5200
Starting rollout for Update 119...
  Step 0/128...
  Step 10/128...
  Step 20/128...
  Step 30/128...
  Step 40/128...
  Step 50/128...
  Step 60/128...
  Step 70/128...
  Step 80/128...
  Step 90/128...
  Step 100/128...
  Step 110/128...
  Step 120/128...
Update 119 | SPS: 397 | AvgReward: 987.06 | StepRew: 43.73 | Len: 22.5 | Lines: 0.0 | Ent: 0.0818 | KL: 25825.3633
Starting rollout for Update 120...
  Step 0/128...
  Step 10/128...
  Step 20/128...
  Step 30/128...
  Step 40/128...
  Step 50/128...
  Step 60/128...
  Step 70/128...
  Step 80/128...
  Step 90/128...
  Step 100/128...
  Step 110/128...
  Step 120/128...
Update 120 | SPS: 397 | AvgReward: 941.87 | StepRew: 43.88 | Len: 22.0 | Lines: 0.0 | Ent: 0.0816 | KL: 3.6133
Starting rollout for Update 121...
  Step 0/128...
  Step 10/128...
  Step 20/128...
  Step 30/128...
  Step 40/128...
  Step 50/128...
  Step 60/128...
  Step 70/128...
  Step 80/128...
  Step 90/128...
  Step 100/128...
  Step 110/128...
  Step 120/128...
Update 121 | SPS: 396 | AvgReward: 927.92 | StepRew: 43.92 | Len: 21.9 | Lines: 0.0 | Ent: 0.0673 | KL: 3.0765
Starting rollout for Update 122...
  Step 0/128...
  Step 10/128...
  Step 20/128...
  Step 30/128...
  Step 40/128...
  Step 50/128...
  Step 60/128...
  Step 70/128...
  Step 80/128...
  Step 90/128...
  Step 100/128...
  Step 110/128...
  Step 120/128...
Update 122 | SPS: 396 | AvgReward: 1018.90 | StepRew: 44.28 | Len: 23.2 | Lines: 0.0 | Ent: 0.0612 | KL: 412.3809
Starting rollout for Update 123...
  Step 0/128...
  Step 10/128...
  Step 20/128...
  Step 30/128...
  Step 40/128...
  Step 50/128...
  Step 60/128...
  Step 70/128...
  Step 80/128...
  Step 90/128...
  Step 100/128...
  Step 110/128...
  Step 120/128...
Update 123 | SPS: 396 | AvgReward: 1106.25 | StepRew: 43.97 | Len: 24.3 | Lines: 0.0 | Ent: 0.0775 | KL: 2.2448
Starting rollout for Update 124...
  Step 0/128...
  Step 10/128...
  Step 20/128...
  Step 30/128...
  Step 40/128...
  Step 50/128...
  Step 60/128...
  Step 70/128...
  Step 80/128...
  Step 90/128...
  Step 100/128...
  Step 110/128...
  Step 120/128...
Update 124 | SPS: 395 | AvgReward: 1020.16 | StepRew: 43.98 | Len: 22.9 | Lines: 0.0 | Ent: 0.0654 | KL: 3.9870
Starting rollout for Update 125...
  Step 0/128...
  Step 10/128...
  Step 20/128...
  Step 30/128...
  Step 40/128...
  Step 50/128...
  Step 60/128...
  Step 70/128...
  Step 80/128...
  Step 90/128...
  Step 100/128...
  Step 110/128...
  Step 120/128...
Update 125 | SPS: 395 | AvgReward: 1011.47 | StepRew: 44.23 | Len: 22.9 | Lines: 0.0 | Ent: 0.0535 | KL: 90.6155
Starting rollout for Update 126...
  Step 0/128...
  Step 10/128...
  Step 20/128...
  Step 30/128...
  Step 40/128...
  Step 50/128...
  Step 60/128...
  Step 70/128...
  Step 80/128...
  Step 90/128...
  Step 100/128...
  Step 110/128...
  Step 120/128...
Update 126 | SPS: 395 | AvgReward: 999.62 | StepRew: 44.11 | Len: 22.9 | Lines: 0.0 | Ent: 0.0456 | KL: 2.4993
Starting rollout for Update 127...
  Step 0/128...
  Step 10/128...
  Step 20/128...
  Step 30/128...
  Step 40/128...
  Step 50/128...
  Step 60/128...
  Step 70/128...
  Step 80/128...
  Step 90/128...
  Step 100/128...
  Step 110/128...
  Step 120/128...
Update 127 | SPS: 395 | AvgReward: 970.95 | StepRew: 44.29 | Len: 22.0 | Lines: 0.0 | Ent: 0.0657 | KL: 2.6815
Starting rollout for Update 128...
  Step 0/128...
  Step 10/128...
  Step 20/128...
  Step 30/128...
  Step 40/128...
  Step 50/128...
  Step 60/128...
  Step 70/128...
  Step 80/128...
  Step 90/128...
  Step 100/128...
  Step 110/128...
  Step 120/128...
Update 128 | SPS: 395 | AvgReward: 1113.62 | StepRew: 44.66 | Len: 24.3 | Lines: 0.0 | Ent: 0.0576 | KL: 2.0026
Starting rollout for Update 129...
  Step 0/128...
  Step 10/128...
  Step 20/128...
  Step 30/128...
  Step 40/128...
  Step 50/128...
  Step 60/128...
  Step 70/128...
  Step 80/128...
  Step 90/128...
  Step 100/128...
  Step 110/128...
  Step 120/128...
Update 129 | SPS: 395 | AvgReward: 958.62 | StepRew: 44.03 | Len: 22.1 | Lines: 0.0 | Ent: 0.0509 | KL: 1085161.8750
Starting rollout for Update 130...
  Step 0/128...
  Step 10/128...
  Step 20/128...
  Step 30/128...
  Step 40/128...
  Step 50/128...
  Step 60/128...
  Step 70/128...
  Step 80/128...
  Step 90/128...
  Step 100/128...
  Step 110/128...
  Step 120/128...
Update 130 | SPS: 396 | AvgReward: 1058.44 | StepRew: 44.72 | Len: 23.6 | Lines: 0.0 | Ent: 0.0562 | KL: 3.3013
Starting rollout for Update 131...
  Step 0/128...
  Step 10/128...
  Step 20/128...
  Step 30/128...
  Step 40/128...
  Step 50/128...
  Step 60/128...
  Step 70/128...
  Step 80/128...
  Step 90/128...
  Step 100/128...
  Step 110/128...
  Step 120/128...
Update 131 | SPS: 396 | AvgReward: 972.50 | StepRew: 43.85 | Len: 22.5 | Lines: 0.0 | Ent: 0.0542 | KL: 3.0826
Starting rollout for Update 132...
  Step 0/128...
  Step 10/128...
  Step 20/128...
  Step 30/128...
  Step 40/128...
  Step 50/128...
  Step 60/128...
  Step 70/128...
  Step 80/128...
  Step 90/128...
  Step 100/128...
  Step 110/128...
  Step 120/128...
Update 132 | SPS: 397 | AvgReward: 1018.09 | StepRew: 44.07 | Len: 22.9 | Lines: 0.0 | Ent: 0.0509 | KL: 2.1255
Starting rollout for Update 133...
  Step 0/128...
  Step 10/128...
  Step 20/128...
  Step 30/128...
  Step 40/128...
  Step 50/128...
  Step 60/128...
  Step 70/128...
  Step 80/128...
  Step 90/128...
  Step 100/128...
  Step 110/128...
  Step 120/128...
Update 133 | SPS: 398 | AvgReward: 1059.46 | StepRew: 44.04 | Len: 23.8 | Lines: 0.0 | Ent: 0.0463 | KL: 2.4551
Starting rollout for Update 134...
  Step 0/128...
  Step 10/128...
  Step 20/128...
  Step 30/128...
  Step 40/128...
  Step 50/128...
  Step 60/128...
  Step 70/128...
